<?xml version="1.0" encoding="UTF-8"?>
<testng-results skipped="0" failed="0" ignored="0" total="2" passed="2">
  <reporter-output>
  </reporter-output>
  <suite name="Suite" duration-ms="59697" started-at="2019-11-10T04:52:29Z" finished-at="2019-11-10T04:53:29Z">
    <groups>
    </groups>
    <test name="Test" duration-ms="59697" started-at="2019-11-10T04:52:29Z" finished-at="2019-11-10T04:53:29Z">
      <class name="testcases.HotelSearchTest">
        <test-method status="PASS" signature="launchBrowser()[pri:0, instance:testcases.HotelSearchTest@10a035a0]" name="launchBrowser" is-config="true" duration-ms="15126" started-at="2019-11-10T04:52:58Z" finished-at="2019-11-10T04:53:13Z">
          <reporter-output>
          </reporter-output>
        </test-method> <!-- launchBrowser -->
        <test-method status="PASS" signature="hotelSearch(java.lang.String, java.lang.String, java.lang.String, java.lang.String)[pri:0, instance:testcases.HotelSearchTest@10a035a0]" name="hotelSearch" duration-ms="13851" started-at="2019-11-10T04:53:13Z" data-provider="getData" finished-at="2019-11-10T04:53:27Z">
          <params>
            <param index="0">
              <value>
                <![CDATA[Delhi]]>
              </value>
            </param>
            <param index="1">
              <value>
                <![CDATA[11/13/2019]]>
              </value>
            </param>
            <param index="2">
              <value>
                <![CDATA[11/16/2019]]>
              </value>
            </param>
            <param index="3">
              <value>
                <![CDATA[Delhi (and vicinity), India Hotel Search Results]]>
              </value>
            </param>
          </params>
          <reporter-output>
          </reporter-output>
        </test-method> <!-- hotelSearch -->
        <test-method status="PASS" signature="tearDown()[pri:0, instance:testcases.HotelSearchTest@10a035a0]" name="tearDown" is-config="true" duration-ms="1335" started-at="2019-11-10T04:53:27Z" finished-at="2019-11-10T04:53:29Z">
          <reporter-output>
          </reporter-output>
        </test-method> <!-- tearDown -->
      </class> <!-- testcases.HotelSearchTest -->
      <class name="testcases.FlightSearchTest">
        <test-method status="PASS" signature="launchBrowser()[pri:0, instance:testcases.FlightSearchTest@6eceb130]" name="launchBrowser" is-config="true" duration-ms="17558" started-at="2019-11-10T04:52:30Z" finished-at="2019-11-10T04:52:48Z">
          <reporter-output>
          </reporter-output>
        </test-method> <!-- launchBrowser -->
        <test-method status="PASS" signature="flightSearch(java.lang.String, java.lang.String, java.lang.String, java.lang.String, java.lang.String)[pri:0, instance:testcases.FlightSearchTest@6eceb130]" name="flightSearch" duration-ms="8932" started-at="2019-11-10T04:52:48Z" data-provider="getData" finished-at="2019-11-10T04:52:57Z">
          <params>
            <param index="0">
              <value>
                <![CDATA[Delhi]]>
              </value>
            </param>
            <param index="1">
              <value>
                <![CDATA[Hyderabad]]>
              </value>
            </param>
            <param index="2">
              <value>
                <![CDATA[11/13/2019]]>
              </value>
            </param>
            <param index="3">
              <value>
                <![CDATA[11/16/2019]]>
              </value>
            </param>
            <param index="4">
              <value>
                <![CDATA[Select your departure to Hyderabad]]>
              </value>
            </param>
          </params>
          <reporter-output>
          </reporter-output>
        </test-method> <!-- flightSearch -->
        <test-method status="PASS" signature="tearDown()[pri:0, instance:testcases.FlightSearchTest@6eceb130]" name="tearDown" is-config="true" duration-ms="1470" started-at="2019-11-10T04:52:57Z" finished-at="2019-11-10T04:52:58Z">
          <reporter-output>
          </reporter-output>
        </test-method> <!-- tearDown -->
      </class> <!-- testcases.FlightSearchTest -->
    </test> <!-- Test -->
  </suite> <!-- Suite -->
</testng-results>
