<?xml version="1.0" encoding="UTF-8"?>
<testng-results skipped="0" failed="0" ignored="0" total="1" passed="1">
  <reporter-output>
  </reporter-output>
  <suite name="Suite" duration-ms="25072" started-at="2019-11-09T08:16:48Z" finished-at="2019-11-09T08:17:13Z">
    <groups>
    </groups>
    <test name="Test" duration-ms="25072" started-at="2019-11-09T08:16:48Z" finished-at="2019-11-09T08:17:13Z">
      <class name="testcases.FlightSearchTest">
        <test-method status="PASS" signature="launchBrowser()[pri:0, instance:testcases.FlightSearchTest@6a41eaa2]" name="launchBrowser" is-config="true" duration-ms="15051" started-at="2019-11-09T08:16:49Z" finished-at="2019-11-09T08:17:04Z">
          <reporter-output>
          </reporter-output>
        </test-method> <!-- launchBrowser -->
        <test-method status="PASS" signature="flightSearch(java.lang.String, java.lang.String, java.lang.String, java.lang.String, java.lang.String)[pri:0, instance:testcases.FlightSearchTest@6a41eaa2]" name="flightSearch" duration-ms="7259" started-at="2019-11-09T08:17:04Z" data-provider="getData" finished-at="2019-11-09T08:17:11Z">
          <params>
            <param index="0">
              <value>
                <![CDATA[Delhi]]>
              </value>
            </param>
            <param index="1">
              <value>
                <![CDATA[Hyderabad]]>
              </value>
            </param>
            <param index="2">
              <value>
                <![CDATA[11/13/2019]]>
              </value>
            </param>
            <param index="3">
              <value>
                <![CDATA[11/16/2019]]>
              </value>
            </param>
            <param index="4">
              <value>
                <![CDATA[Select your departure to Hyderabad]]>
              </value>
            </param>
          </params>
          <reporter-output>
          </reporter-output>
        </test-method> <!-- flightSearch -->
        <test-method status="PASS" signature="tearDown()[pri:0, instance:testcases.FlightSearchTest@6a41eaa2]" name="tearDown" is-config="true" duration-ms="1862" started-at="2019-11-09T08:17:11Z" finished-at="2019-11-09T08:17:13Z">
          <reporter-output>
          </reporter-output>
        </test-method> <!-- tearDown -->
      </class> <!-- testcases.FlightSearchTest -->
    </test> <!-- Test -->
  </suite> <!-- Suite -->
</testng-results>
